<?xml version="1.0" encoding="UTF-8"?>
<testsuite xmlns:xsi="http://www.w3.org/2001/XMLSchema-instance" xsi:noNamespaceSchemaLocation="https://maven.apache.org/surefire/maven-surefire-plugin/xsd/surefire-test-report.xsd" name="com.crc.FarmingApplicationTests" time="3.234" tests="1" errors="0" skipped="0" failures="0">
  <properties>
    <property name="sun.desktop" value="windows"/>
    <property name="awt.toolkit" value="sun.awt.windows.WToolkit"/>
    <property name="file.encoding.pkg" value="sun.io"/>
    <property name="java.specification.version" value="1.8"/>
    <property name="sun.cpu.isalist" value="amd64"/>
    <property name="sun.jnu.encoding" value="GBK"/>
    <property name="java.class.path" value="D:\关于我的文件\毕业设计\毕业设计项目汇总\farming-master\target\test-classes;D:\关于我的文件\毕业设计\毕业设计项目汇总\farming-master\target\classes;D:\apache-maven-3.8.7-bin\maven_repository\org\springframework\boot\spring-boot-starter-thymeleaf\2.3.4.RELEASE\spring-boot-starter-thymeleaf-2.3.4.RELEASE.jar;D:\apache-maven-3.8.7-bin\maven_repository\org\springframework\boot\spring-boot-starter\2.3.4.RELEASE\spring-boot-starter-2.3.4.RELEASE.jar;D:\apache-maven-3.8.7-bin\maven_repository\org\springframework\boot\spring-boot\2.3.4.RELEASE\spring-boot-2.3.4.RELEASE.jar;D:\apache-maven-3.8.7-bin\maven_repository\org\springframework\boot\spring-boot-autoconfigure\2.3.4.RELEASE\spring-boot-autoconfigure-2.3.4.RELEASE.jar;D:\apache-maven-3.8.7-bin\maven_repository\org\springframework\boot\spring-boot-starter-logging\2.3.4.RELEASE\spring-boot-starter-logging-2.3.4.RELEASE.jar;D:\apache-maven-3.8.7-bin\maven_repository\ch\qos\logback\logback-classic\1.2.3\logback-classic-1.2.3.jar;D:\apache-maven-3.8.7-bin\maven_repository\ch\qos\logback\logback-core\1.2.3\logback-core-1.2.3.jar;D:\apache-maven-3.8.7-bin\maven_repository\org\apache\logging\log4j\log4j-to-slf4j\2.13.3\log4j-to-slf4j-2.13.3.jar;D:\apache-maven-3.8.7-bin\maven_repository\org\apache\logging\log4j\log4j-api\2.13.3\log4j-api-2.13.3.jar;D:\apache-maven-3.8.7-bin\maven_repository\org\slf4j\jul-to-slf4j\1.7.30\jul-to-slf4j-1.7.30.jar;D:\apache-maven-3.8.7-bin\maven_repository\jakarta\annotation\jakarta.annotation-api\1.3.5\jakarta.annotation-api-1.3.5.jar;D:\apache-maven-3.8.7-bin\maven_repository\org\yaml\snakeyaml\1.26\snakeyaml-1.26.jar;D:\apache-maven-3.8.7-bin\maven_repository\org\thymeleaf\thymeleaf-spring5\3.0.11.RELEASE\thymeleaf-spring5-3.0.11.RELEASE.jar;D:\apache-maven-3.8.7-bin\maven_repository\org\thymeleaf\thymeleaf\3.0.11.RELEASE\thymeleaf-3.0.11.RELEASE.jar;D:\apache-maven-3.8.7-bin\maven_repository\org\attoparser\attoparser\2.0.5.RELEASE\attoparser-2.0.5.RELEASE.jar;D:\apache-maven-3.8.7-bin\maven_repository\org\unbescape\unbescape\1.1.6.RELEASE\unbescape-1.1.6.RELEASE.jar;D:\apache-maven-3.8.7-bin\maven_repository\org\slf4j\slf4j-api\1.7.30\slf4j-api-1.7.30.jar;D:\apache-maven-3.8.7-bin\maven_repository\org\thymeleaf\extras\thymeleaf-extras-java8time\3.0.4.RELEASE\thymeleaf-extras-java8time-3.0.4.RELEASE.jar;D:\apache-maven-3.8.7-bin\maven_repository\com\alibaba\fastjson\1.2.4\fastjson-1.2.4.jar;D:\apache-maven-3.8.7-bin\maven_repository\mysql\mysql-connector-java\8.0.21\mysql-connector-java-8.0.21.jar;D:\apache-maven-3.8.7-bin\maven_repository\org\projectlombok\lombok\1.18.12\lombok-1.18.12.jar;D:\apache-maven-3.8.7-bin\maven_repository\org\springframework\boot\spring-boot-starter-test\2.3.4.RELEASE\spring-boot-starter-test-2.3.4.RELEASE.jar;D:\apache-maven-3.8.7-bin\maven_repository\org\springframework\boot\spring-boot-test\2.3.4.RELEASE\spring-boot-test-2.3.4.RELEASE.jar;D:\apache-maven-3.8.7-bin\maven_repository\org\springframework\boot\spring-boot-test-autoconfigure\2.3.4.RELEASE\spring-boot-test-autoconfigure-2.3.4.RELEASE.jar;D:\apache-maven-3.8.7-bin\maven_repository\com\jayway\jsonpath\json-path\2.4.0\json-path-2.4.0.jar;D:\apache-maven-3.8.7-bin\maven_repository\net\minidev\json-smart\2.3\json-smart-2.3.jar;D:\apache-maven-3.8.7-bin\maven_repository\net\minidev\accessors-smart\1.2\accessors-smart-1.2.jar;D:\apache-maven-3.8.7-bin\maven_repository\org\ow2\asm\asm\5.0.4\asm-5.0.4.jar;D:\apache-maven-3.8.7-bin\maven_repository\jakarta\xml\bind\jakarta.xml.bind-api\2.3.3\jakarta.xml.bind-api-2.3.3.jar;D:\apache-maven-3.8.7-bin\maven_repository\jakarta\activation\jakarta.activation-api\1.2.2\jakarta.activation-api-1.2.2.jar;D:\apache-maven-3.8.7-bin\maven_repository\org\assertj\assertj-core\3.16.1\assertj-core-3.16.1.jar;D:\apache-maven-3.8.7-bin\maven_repository\org\hamcrest\hamcrest\2.2\hamcrest-2.2.jar;D:\apache-maven-3.8.7-bin\maven_repository\org\junit\jupiter\junit-jupiter\5.6.2\junit-jupiter-5.6.2.jar;D:\apache-maven-3.8.7-bin\maven_repository\org\junit\jupiter\junit-jupiter-api\5.6.2\junit-jupiter-api-5.6.2.jar;D:\apache-maven-3.8.7-bin\maven_repository\org\apiguardian\apiguardian-api\1.1.0\apiguardian-api-1.1.0.jar;D:\apache-maven-3.8.7-bin\maven_repository\org\opentest4j\opentest4j\1.2.0\opentest4j-1.2.0.jar;D:\apache-maven-3.8.7-bin\maven_repository\org\junit\platform\junit-platform-commons\1.6.2\junit-platform-commons-1.6.2.jar;D:\apache-maven-3.8.7-bin\maven_repository\org\junit\jupiter\junit-jupiter-params\5.6.2\junit-jupiter-params-5.6.2.jar;D:\apache-maven-3.8.7-bin\maven_repository\org\junit\jupiter\junit-jupiter-engine\5.6.2\junit-jupiter-engine-5.6.2.jar;D:\apache-maven-3.8.7-bin\maven_repository\org\junit\platform\junit-platform-engine\1.6.2\junit-platform-engine-1.6.2.jar;D:\apache-maven-3.8.7-bin\maven_repository\org\mockito\mockito-core\3.3.3\mockito-core-3.3.3.jar;D:\apache-maven-3.8.7-bin\maven_repository\net\bytebuddy\byte-buddy\1.10.14\byte-buddy-1.10.14.jar;D:\apache-maven-3.8.7-bin\maven_repository\net\bytebuddy\byte-buddy-agent\1.10.14\byte-buddy-agent-1.10.14.jar;D:\apache-maven-3.8.7-bin\maven_repository\org\objenesis\objenesis\2.6\objenesis-2.6.jar;D:\apache-maven-3.8.7-bin\maven_repository\org\mockito\mockito-junit-jupiter\3.3.3\mockito-junit-jupiter-3.3.3.jar;D:\apache-maven-3.8.7-bin\maven_repository\org\skyscreamer\jsonassert\1.5.0\jsonassert-1.5.0.jar;D:\apache-maven-3.8.7-bin\maven_repository\com\vaadin\external\google\android-json\0.0.20131108.vaadin1\android-json-0.0.20131108.vaadin1.jar;D:\apache-maven-3.8.7-bin\maven_repository\org\springframework\spring-core\5.2.9.RELEASE\spring-core-5.2.9.RELEASE.jar;D:\apache-maven-3.8.7-bin\maven_repository\org\springframework\spring-jcl\5.2.9.RELEASE\spring-jcl-5.2.9.RELEASE.jar;D:\apache-maven-3.8.7-bin\maven_repository\org\springframework\spring-test\5.2.9.RELEASE\spring-test-5.2.9.RELEASE.jar;D:\apache-maven-3.8.7-bin\maven_repository\org\xmlunit\xmlunit-core\2.7.0\xmlunit-core-2.7.0.jar;D:\apache-maven-3.8.7-bin\maven_repository\org\springframework\boot\spring-boot-starter-web\2.3.4.RELEASE\spring-boot-starter-web-2.3.4.RELEASE.jar;D:\apache-maven-3.8.7-bin\maven_repository\org\springframework\boot\spring-boot-starter-json\2.3.4.RELEASE\spring-boot-starter-json-2.3.4.RELEASE.jar;D:\apache-maven-3.8.7-bin\maven_repository\com\fasterxml\jackson\core\jackson-databind\2.11.2\jackson-databind-2.11.2.jar;D:\apache-maven-3.8.7-bin\maven_repository\com\fasterxml\jackson\core\jackson-annotations\2.11.2\jackson-annotations-2.11.2.jar;D:\apache-maven-3.8.7-bin\maven_repository\com\fasterxml\jackson\core\jackson-core\2.11.2\jackson-core-2.11.2.jar;D:\apache-maven-3.8.7-bin\maven_repository\com\fasterxml\jackson\datatype\jackson-datatype-jdk8\2.11.2\jackson-datatype-jdk8-2.11.2.jar;D:\apache-maven-3.8.7-bin\maven_repository\com\fasterxml\jackson\datatype\jackson-datatype-jsr310\2.11.2\jackson-datatype-jsr310-2.11.2.jar;D:\apache-maven-3.8.7-bin\maven_repository\com\fasterxml\jackson\module\jackson-module-parameter-names\2.11.2\jackson-module-parameter-names-2.11.2.jar;D:\apache-maven-3.8.7-bin\maven_repository\org\springframework\boot\spring-boot-starter-tomcat\2.3.4.RELEASE\spring-boot-starter-tomcat-2.3.4.RELEASE.jar;D:\apache-maven-3.8.7-bin\maven_repository\org\apache\tomcat\embed\tomcat-embed-core\9.0.38\tomcat-embed-core-9.0.38.jar;D:\apache-maven-3.8.7-bin\maven_repository\org\glassfish\jakarta.el\3.0.3\jakarta.el-3.0.3.jar;D:\apache-maven-3.8.7-bin\maven_repository\org\apache\tomcat\embed\tomcat-embed-websocket\9.0.38\tomcat-embed-websocket-9.0.38.jar;D:\apache-maven-3.8.7-bin\maven_repository\org\springframework\spring-web\5.2.9.RELEASE\spring-web-5.2.9.RELEASE.jar;D:\apache-maven-3.8.7-bin\maven_repository\org\springframework\spring-beans\5.2.9.RELEASE\spring-beans-5.2.9.RELEASE.jar;D:\apache-maven-3.8.7-bin\maven_repository\org\springframework\spring-webmvc\5.2.9.RELEASE\spring-webmvc-5.2.9.RELEASE.jar;D:\apache-maven-3.8.7-bin\maven_repository\org\springframework\spring-aop\5.2.9.RELEASE\spring-aop-5.2.9.RELEASE.jar;D:\apache-maven-3.8.7-bin\maven_repository\org\springframework\spring-context\5.2.9.RELEASE\spring-context-5.2.9.RELEASE.jar;D:\apache-maven-3.8.7-bin\maven_repository\org\springframework\spring-expression\5.2.9.RELEASE\spring-expression-5.2.9.RELEASE.jar;D:\apache-maven-3.8.7-bin\maven_repository\org\mybatis\spring\boot\mybatis-spring-boot-starter\2.1.3\mybatis-spring-boot-starter-2.1.3.jar;D:\apache-maven-3.8.7-bin\maven_repository\org\springframework\boot\spring-boot-starter-jdbc\2.3.4.RELEASE\spring-boot-starter-jdbc-2.3.4.RELEASE.jar;D:\apache-maven-3.8.7-bin\maven_repository\com\zaxxer\HikariCP\3.4.5\HikariCP-3.4.5.jar;D:\apache-maven-3.8.7-bin\maven_repository\org\springframework\spring-jdbc\5.2.9.RELEASE\spring-jdbc-5.2.9.RELEASE.jar;D:\apache-maven-3.8.7-bin\maven_repository\org\springframework\spring-tx\5.2.9.RELEASE\spring-tx-5.2.9.RELEASE.jar;D:\apache-maven-3.8.7-bin\maven_repository\org\mybatis\spring\boot\mybatis-spring-boot-autoconfigure\2.1.3\mybatis-spring-boot-autoconfigure-2.1.3.jar;D:\apache-maven-3.8.7-bin\maven_repository\org\mybatis\mybatis\3.5.5\mybatis-3.5.5.jar;D:\apache-maven-3.8.7-bin\maven_repository\org\mybatis\mybatis-spring\2.0.5\mybatis-spring-2.0.5.jar;D:\apache-maven-3.8.7-bin\maven_repository\org\jetbrains\annotations\24.0.1\annotations-24.0.1.jar;"/>
    <property name="java.vm.vendor" value="Oracle Corporation"/>
    <property name="sun.arch.data.model" value="64"/>
    <property name="user.variant" value=""/>
    <property name="java.vendor.url" value="http://java.oracle.com/"/>
    <property name="user.timezone" value="Asia/Shanghai"/>
    <property name="java.vm.specification.version" value="1.8"/>
    <property name="os.name" value="Windows 11"/>
    <property name="user.country" value="CN"/>
    <property name="sun.java.launcher" value="SUN_STANDARD"/>
    <property name="sun.boot.library.path" value="C:\Program Files\Java\jdk1.8.0_361\jre\bin"/>
    <property name="sun.java.command" value="C:\Users\22260\AppData\Local\Temp\surefire5902190138128193172\surefirebooter1960624924016606773.jar C:\Users\22260\AppData\Local\Temp\surefire5902190138128193172 2023-05-25T10-38-58_500-jvmRun1 surefire4345528465066475276tmp surefire_0458074742627585555tmp"/>
    <property name="surefire.test.class.path" value="D:\关于我的文件\毕业设计\毕业设计项目汇总\farming-master\target\test-classes;D:\关于我的文件\毕业设计\毕业设计项目汇总\farming-master\target\classes;D:\apache-maven-3.8.7-bin\maven_repository\org\springframework\boot\spring-boot-starter-thymeleaf\2.3.4.RELEASE\spring-boot-starter-thymeleaf-2.3.4.RELEASE.jar;D:\apache-maven-3.8.7-bin\maven_repository\org\springframework\boot\spring-boot-starter\2.3.4.RELEASE\spring-boot-starter-2.3.4.RELEASE.jar;D:\apache-maven-3.8.7-bin\maven_repository\org\springframework\boot\spring-boot\2.3.4.RELEASE\spring-boot-2.3.4.RELEASE.jar;D:\apache-maven-3.8.7-bin\maven_repository\org\springframework\boot\spring-boot-autoconfigure\2.3.4.RELEASE\spring-boot-autoconfigure-2.3.4.RELEASE.jar;D:\apache-maven-3.8.7-bin\maven_repository\org\springframework\boot\spring-boot-starter-logging\2.3.4.RELEASE\spring-boot-starter-logging-2.3.4.RELEASE.jar;D:\apache-maven-3.8.7-bin\maven_repository\ch\qos\logback\logback-classic\1.2.3\logback-classic-1.2.3.jar;D:\apache-maven-3.8.7-bin\maven_repository\ch\qos\logback\logback-core\1.2.3\logback-core-1.2.3.jar;D:\apache-maven-3.8.7-bin\maven_repository\org\apache\logging\log4j\log4j-to-slf4j\2.13.3\log4j-to-slf4j-2.13.3.jar;D:\apache-maven-3.8.7-bin\maven_repository\org\apache\logging\log4j\log4j-api\2.13.3\log4j-api-2.13.3.jar;D:\apache-maven-3.8.7-bin\maven_repository\org\slf4j\jul-to-slf4j\1.7.30\jul-to-slf4j-1.7.30.jar;D:\apache-maven-3.8.7-bin\maven_repository\jakarta\annotation\jakarta.annotation-api\1.3.5\jakarta.annotation-api-1.3.5.jar;D:\apache-maven-3.8.7-bin\maven_repository\org\yaml\snakeyaml\1.26\snakeyaml-1.26.jar;D:\apache-maven-3.8.7-bin\maven_repository\org\thymeleaf\thymeleaf-spring5\3.0.11.RELEASE\thymeleaf-spring5-3.0.11.RELEASE.jar;D:\apache-maven-3.8.7-bin\maven_repository\org\thymeleaf\thymeleaf\3.0.11.RELEASE\thymeleaf-3.0.11.RELEASE.jar;D:\apache-maven-3.8.7-bin\maven_repository\org\attoparser\attoparser\2.0.5.RELEASE\attoparser-2.0.5.RELEASE.jar;D:\apache-maven-3.8.7-bin\maven_repository\org\unbescape\unbescape\1.1.6.RELEASE\unbescape-1.1.6.RELEASE.jar;D:\apache-maven-3.8.7-bin\maven_repository\org\slf4j\slf4j-api\1.7.30\slf4j-api-1.7.30.jar;D:\apache-maven-3.8.7-bin\maven_repository\org\thymeleaf\extras\thymeleaf-extras-java8time\3.0.4.RELEASE\thymeleaf-extras-java8time-3.0.4.RELEASE.jar;D:\apache-maven-3.8.7-bin\maven_repository\com\alibaba\fastjson\1.2.4\fastjson-1.2.4.jar;D:\apache-maven-3.8.7-bin\maven_repository\mysql\mysql-connector-java\8.0.21\mysql-connector-java-8.0.21.jar;D:\apache-maven-3.8.7-bin\maven_repository\org\projectlombok\lombok\1.18.12\lombok-1.18.12.jar;D:\apache-maven-3.8.7-bin\maven_repository\org\springframework\boot\spring-boot-starter-test\2.3.4.RELEASE\spring-boot-starter-test-2.3.4.RELEASE.jar;D:\apache-maven-3.8.7-bin\maven_repository\org\springframework\boot\spring-boot-test\2.3.4.RELEASE\spring-boot-test-2.3.4.RELEASE.jar;D:\apache-maven-3.8.7-bin\maven_repository\org\springframework\boot\spring-boot-test-autoconfigure\2.3.4.RELEASE\spring-boot-test-autoconfigure-2.3.4.RELEASE.jar;D:\apache-maven-3.8.7-bin\maven_repository\com\jayway\jsonpath\json-path\2.4.0\json-path-2.4.0.jar;D:\apache-maven-3.8.7-bin\maven_repository\net\minidev\json-smart\2.3\json-smart-2.3.jar;D:\apache-maven-3.8.7-bin\maven_repository\net\minidev\accessors-smart\1.2\accessors-smart-1.2.jar;D:\apache-maven-3.8.7-bin\maven_repository\org\ow2\asm\asm\5.0.4\asm-5.0.4.jar;D:\apache-maven-3.8.7-bin\maven_repository\jakarta\xml\bind\jakarta.xml.bind-api\2.3.3\jakarta.xml.bind-api-2.3.3.jar;D:\apache-maven-3.8.7-bin\maven_repository\jakarta\activation\jakarta.activation-api\1.2.2\jakarta.activation-api-1.2.2.jar;D:\apache-maven-3.8.7-bin\maven_repository\org\assertj\assertj-core\3.16.1\assertj-core-3.16.1.jar;D:\apache-maven-3.8.7-bin\maven_repository\org\hamcrest\hamcrest\2.2\hamcrest-2.2.jar;D:\apache-maven-3.8.7-bin\maven_repository\org\junit\jupiter\junit-jupiter\5.6.2\junit-jupiter-5.6.2.jar;D:\apache-maven-3.8.7-bin\maven_repository\org\junit\jupiter\junit-jupiter-api\5.6.2\junit-jupiter-api-5.6.2.jar;D:\apache-maven-3.8.7-bin\maven_repository\org\apiguardian\apiguardian-api\1.1.0\apiguardian-api-1.1.0.jar;D:\apache-maven-3.8.7-bin\maven_repository\org\opentest4j\opentest4j\1.2.0\opentest4j-1.2.0.jar;D:\apache-maven-3.8.7-bin\maven_repository\org\junit\platform\junit-platform-commons\1.6.2\junit-platform-commons-1.6.2.jar;D:\apache-maven-3.8.7-bin\maven_repository\org\junit\jupiter\junit-jupiter-params\5.6.2\junit-jupiter-params-5.6.2.jar;D:\apache-maven-3.8.7-bin\maven_repository\org\junit\jupiter\junit-jupiter-engine\5.6.2\junit-jupiter-engine-5.6.2.jar;D:\apache-maven-3.8.7-bin\maven_repository\org\junit\platform\junit-platform-engine\1.6.2\junit-platform-engine-1.6.2.jar;D:\apache-maven-3.8.7-bin\maven_repository\org\mockito\mockito-core\3.3.3\mockito-core-3.3.3.jar;D:\apache-maven-3.8.7-bin\maven_repository\net\bytebuddy\byte-buddy\1.10.14\byte-buddy-1.10.14.jar;D:\apache-maven-3.8.7-bin\maven_repository\net\bytebuddy\byte-buddy-agent\1.10.14\byte-buddy-agent-1.10.14.jar;D:\apache-maven-3.8.7-bin\maven_repository\org\objenesis\objenesis\2.6\objenesis-2.6.jar;D:\apache-maven-3.8.7-bin\maven_repository\org\mockito\mockito-junit-jupiter\3.3.3\mockito-junit-jupiter-3.3.3.jar;D:\apache-maven-3.8.7-bin\maven_repository\org\skyscreamer\jsonassert\1.5.0\jsonassert-1.5.0.jar;D:\apache-maven-3.8.7-bin\maven_repository\com\vaadin\external\google\android-json\0.0.20131108.vaadin1\android-json-0.0.20131108.vaadin1.jar;D:\apache-maven-3.8.7-bin\maven_repository\org\springframework\spring-core\5.2.9.RELEASE\spring-core-5.2.9.RELEASE.jar;D:\apache-maven-3.8.7-bin\maven_repository\org\springframework\spring-jcl\5.2.9.RELEASE\spring-jcl-5.2.9.RELEASE.jar;D:\apache-maven-3.8.7-bin\maven_repository\org\springframework\spring-test\5.2.9.RELEASE\spring-test-5.2.9.RELEASE.jar;D:\apache-maven-3.8.7-bin\maven_repository\org\xmlunit\xmlunit-core\2.7.0\xmlunit-core-2.7.0.jar;D:\apache-maven-3.8.7-bin\maven_repository\org\springframework\boot\spring-boot-starter-web\2.3.4.RELEASE\spring-boot-starter-web-2.3.4.RELEASE.jar;D:\apache-maven-3.8.7-bin\maven_repository\org\springframework\boot\spring-boot-starter-json\2.3.4.RELEASE\spring-boot-starter-json-2.3.4.RELEASE.jar;D:\apache-maven-3.8.7-bin\maven_repository\com\fasterxml\jackson\core\jackson-databind\2.11.2\jackson-databind-2.11.2.jar;D:\apache-maven-3.8.7-bin\maven_repository\com\fasterxml\jackson\core\jackson-annotations\2.11.2\jackson-annotations-2.11.2.jar;D:\apache-maven-3.8.7-bin\maven_repository\com\fasterxml\jackson\core\jackson-core\2.11.2\jackson-core-2.11.2.jar;D:\apache-maven-3.8.7-bin\maven_repository\com\fasterxml\jackson\datatype\jackson-datatype-jdk8\2.11.2\jackson-datatype-jdk8-2.11.2.jar;D:\apache-maven-3.8.7-bin\maven_repository\com\fasterxml\jackson\datatype\jackson-datatype-jsr310\2.11.2\jackson-datatype-jsr310-2.11.2.jar;D:\apache-maven-3.8.7-bin\maven_repository\com\fasterxml\jackson\module\jackson-module-parameter-names\2.11.2\jackson-module-parameter-names-2.11.2.jar;D:\apache-maven-3.8.7-bin\maven_repository\org\springframework\boot\spring-boot-starter-tomcat\2.3.4.RELEASE\spring-boot-starter-tomcat-2.3.4.RELEASE.jar;D:\apache-maven-3.8.7-bin\maven_repository\org\apache\tomcat\embed\tomcat-embed-core\9.0.38\tomcat-embed-core-9.0.38.jar;D:\apache-maven-3.8.7-bin\maven_repository\org\glassfish\jakarta.el\3.0.3\jakarta.el-3.0.3.jar;D:\apache-maven-3.8.7-bin\maven_repository\org\apache\tomcat\embed\tomcat-embed-websocket\9.0.38\tomcat-embed-websocket-9.0.38.jar;D:\apache-maven-3.8.7-bin\maven_repository\org\springframework\spring-web\5.2.9.RELEASE\spring-web-5.2.9.RELEASE.jar;D:\apache-maven-3.8.7-bin\maven_repository\org\springframework\spring-beans\5.2.9.RELEASE\spring-beans-5.2.9.RELEASE.jar;D:\apache-maven-3.8.7-bin\maven_repository\org\springframework\spring-webmvc\5.2.9.RELEASE\spring-webmvc-5.2.9.RELEASE.jar;D:\apache-maven-3.8.7-bin\maven_repository\org\springframework\spring-aop\5.2.9.RELEASE\spring-aop-5.2.9.RELEASE.jar;D:\apache-maven-3.8.7-bin\maven_repository\org\springframework\spring-context\5.2.9.RELEASE\spring-context-5.2.9.RELEASE.jar;D:\apache-maven-3.8.7-bin\maven_repository\org\springframework\spring-expression\5.2.9.RELEASE\spring-expression-5.2.9.RELEASE.jar;D:\apache-maven-3.8.7-bin\maven_repository\org\mybatis\spring\boot\mybatis-spring-boot-starter\2.1.3\mybatis-spring-boot-starter-2.1.3.jar;D:\apache-maven-3.8.7-bin\maven_repository\org\springframework\boot\spring-boot-starter-jdbc\2.3.4.RELEASE\spring-boot-starter-jdbc-2.3.4.RELEASE.jar;D:\apache-maven-3.8.7-bin\maven_repository\com\zaxxer\HikariCP\3.4.5\HikariCP-3.4.5.jar;D:\apache-maven-3.8.7-bin\maven_repository\org\springframework\spring-jdbc\5.2.9.RELEASE\spring-jdbc-5.2.9.RELEASE.jar;D:\apache-maven-3.8.7-bin\maven_repository\org\springframework\spring-tx\5.2.9.RELEASE\spring-tx-5.2.9.RELEASE.jar;D:\apache-maven-3.8.7-bin\maven_repository\org\mybatis\spring\boot\mybatis-spring-boot-autoconfigure\2.1.3\mybatis-spring-boot-autoconfigure-2.1.3.jar;D:\apache-maven-3.8.7-bin\maven_repository\org\mybatis\mybatis\3.5.5\mybatis-3.5.5.jar;D:\apache-maven-3.8.7-bin\maven_repository\org\mybatis\mybatis-spring\2.0.5\mybatis-spring-2.0.5.jar;D:\apache-maven-3.8.7-bin\maven_repository\org\jetbrains\annotations\24.0.1\annotations-24.0.1.jar;"/>
    <property name="sun.cpu.endian" value="little"/>
    <property name="user.home" value="C:\Users\22260"/>
    <property name="user.language" value="zh"/>
    <property name="java.specification.vendor" value="Oracle Corporation"/>
    <property name="java.home" value="C:\Program Files\Java\jdk1.8.0_361\jre"/>
    <property name="basedir" value="D:\关于我的文件\毕业设计\毕业设计项目汇总\farming-master"/>
    <property name="file.separator" value="\"/>
    <property name="line.separator" value="&#10;"/>
    <property name="java.vm.specification.vendor" value="Oracle Corporation"/>
    <property name="java.specification.name" value="Java Platform API Specification"/>
    <property name="java.awt.graphicsenv" value="sun.awt.Win32GraphicsEnvironment"/>
    <property name="surefire.real.class.path" value="C:\Users\22260\AppData\Local\Temp\surefire5902190138128193172\surefirebooter1960624924016606773.jar"/>
    <property name="sun.boot.class.path" value="C:\Program Files\Java\jdk1.8.0_361\jre\lib\resources.jar;C:\Program Files\Java\jdk1.8.0_361\jre\lib\rt.jar;C:\Program Files\Java\jdk1.8.0_361\jre\lib\jsse.jar;C:\Program Files\Java\jdk1.8.0_361\jre\lib\jce.jar;C:\Program Files\Java\jdk1.8.0_361\jre\lib\charsets.jar;C:\Program Files\Java\jdk1.8.0_361\jre\lib\jfr.jar;C:\Program Files\Java\jdk1.8.0_361\jre\classes"/>
    <property name="user.script" value=""/>
    <property name="sun.management.compiler" value="HotSpot 64-Bit Tiered Compilers"/>
    <property name="java.runtime.version" value="1.8.0_361-b09"/>
    <property name="user.name" value="awstan"/>
    <property name="path.separator" value=";"/>
    <property name="os.version" value="10.0"/>
    <property name="java.endorsed.dirs" value="C:\Program Files\Java\jdk1.8.0_361\jre\lib\endorsed"/>
    <property name="java.runtime.name" value="Java(TM) SE Runtime Environment"/>
    <property name="file.encoding" value="GBK"/>
    <property name="java.vm.name" value="Java HotSpot(TM) 64-Bit Server VM"/>
    <property name="localRepository" value="D:\apache-maven-3.8.7-bin\maven_repository"/>
    <property name="java.vendor.url.bug" value="http://bugreport.sun.com/bugreport/"/>
    <property name="java.io.tmpdir" value="C:\Users\22260\AppData\Local\Temp\"/>
    <property name="idea.version" value="2022.3.2"/>
    <property name="java.version" value="1.8.0_361"/>
    <property name="user.dir" value="D:\关于我的文件\毕业设计\毕业设计项目汇总\farming-master"/>
    <property name="os.arch" value="amd64"/>
    <property name="java.vm.specification.name" value="Java Virtual Machine Specification"/>
    <property name="java.awt.printerjob" value="sun.awt.windows.WPrinterJob"/>
    <property name="sun.os.patch.level" value=""/>
    <property name="java.library.path" value="C:\Program Files\Java\jdk1.8.0_361\jre\bin;C:\Windows\Sun\Java\bin;C:\Windows\system32;C:\Windows;C:\Program Files (x86)\Common Files\Oracle\Java\javapath;C:\Windows\system32;C:\Windows;C:\Windows\System32\Wbem;C:\Windows\System32\WindowsPowerShell\v1.0\;C:\Windows\System32\OpenSSH\;C:\Program Files (x86)\NVIDIA Corporation\PhysX\Common;C:\Program Files\NVIDIA Corporation\NVIDIA NvDLISR;C:\Program Files\Java\jdk1.8.0_361\bin;C:\Program Files\Java\jdk1.8.0_361\jdk\bin;D:\apache-maven-3.8.7-bin\apache-maven-3.8.7\bin;D:\apache-maven-3.8.7-bin\apache-maven-3.8.7\bin;D:\My_Study_info\mysql-8.0.32-winx64\bin;D:\Develop\nodejs\;C:\Program Files\Docker\Docker\resources\bin;D:\Apps\Git\cmd;C:\Users\22260\AppData\Local\Microsoft\WindowsApps;D:\Apps\Microsoft VS Code\bin;D:\Develop\nodejs\node_global;;."/>
    <property name="java.vm.info" value="mixed mode"/>
    <property name="java.vendor" value="Oracle Corporation"/>
    <property name="java.vm.version" value="25.361-b09"/>
    <property name="java.specification.maintenance.version" value="4"/>
    <property name="java.ext.dirs" value="C:\Program Files\Java\jdk1.8.0_361\jre\lib\ext;C:\Windows\Sun\Java\lib\ext"/>
    <property name="sun.io.unicode.encoding" value="UnicodeLittle"/>
    <property name="maven.repo.local" value="D:\apache-maven-3.8.7-bin\maven_repository"/>
    <property name="java.class.version" value="52.0"/>
  </properties>
  <testcase name="contextLoads" classname="com.crc.FarmingApplicationTests" time="0.598"/>
</testsuite>